c:\users\brand\desktop\cstproject320\forceoutmultiple\debug\vc140.pdb
c:\users\brand\desktop\cstproject320\forceoutmultiple\debug\vc140.idb
c:\users\brand\desktop\cstproject320\forceoutmultiple\debug\xmf3.obj
c:\users\brand\desktop\cstproject320\forceoutmultiple\debug\render_to_texture.obj
c:\users\brand\desktop\cstproject320\forceoutmultiple\debug\load3ds.obj
c:\users\brand\desktop\cstproject320\forceoutmultiple\debug\homework 4.obj
c:\users\brand\desktop\cstproject320\forceoutmultiple\debug\font.obj
c:\users\brand\desktop\cstproject320\forceoutmultiple\debug\explosion_shader.cso
c:\users\brand\desktop\cstproject320\forceoutmultiple\debug\font_fx.cso
c:\users\brand\desktop\cstproject320\forceoutmultiple\debug\homework 4.ilk
c:\users\brand\desktop\cstproject320\forceoutmultiple\debug\homework 4.exe
c:\users\brand\desktop\cstproject320\forceoutmultiple\debug\homework 4.pdb
c:\users\brand\desktop\cstproject320\forceoutmultiple\debug\homework 8.res
c:\users\brand\desktop\cstproject320\forceoutmultiple\debug\homework 4.tlog\cl.command.1.tlog
c:\users\brand\desktop\cstproject320\forceoutmultiple\debug\homework 4.tlog\cl.read.1.tlog
c:\users\brand\desktop\cstproject320\forceoutmultiple\debug\homework 4.tlog\cl.write.1.tlog
c:\users\brand\desktop\cstproject320\forceoutmultiple\debug\homework 4.tlog\homework 4.write.1u.tlog
c:\users\brand\desktop\cstproject320\forceoutmultiple\debug\homework 4.tlog\link.command.1.tlog
c:\users\brand\desktop\cstproject320\forceoutmultiple\debug\homework 4.tlog\link.read.1.tlog
c:\users\brand\desktop\cstproject320\forceoutmultiple\debug\homework 4.tlog\link.write.1.tlog
c:\users\brand\desktop\cstproject320\forceoutmultiple\debug\homework 4.tlog\rc.command.1.tlog
c:\users\brand\desktop\cstproject320\forceoutmultiple\debug\homework 4.tlog\rc.read.1.tlog
c:\users\brand\desktop\cstproject320\forceoutmultiple\debug\homework 4.tlog\rc.write.1.tlog
