  homework 4.cpp
c:\program files (x86)\microsoft directx sdk (june 2010)\include\dxgitype.h(12): warning C4005: 'DXGI_STATUS_OCCLUDED': macro redefinition
  c:\program files (x86)\windows kits\8.1\include\shared\winerror.h(50092): note: see previous definition of 'DXGI_STATUS_OCCLUDED'
c:\program files (x86)\microsoft directx sdk (june 2010)\include\dxgitype.h(13): warning C4005: 'DXGI_STATUS_CLIPPED': macro redefinition
  c:\program files (x86)\windows kits\8.1\include\shared\winerror.h(50101): note: see previous definition of 'DXGI_STATUS_CLIPPED'
c:\program files (x86)\microsoft directx sdk (june 2010)\include\dxgitype.h(14): warning C4005: 'DXGI_STATUS_NO_REDIRECTION': macro redefinition
  c:\program files (x86)\windows kits\8.1\include\shared\winerror.h(50110): note: see previous definition of 'DXGI_STATUS_NO_REDIRECTION'
c:\program files (x86)\microsoft directx sdk (june 2010)\include\dxgitype.h(15): warning C4005: 'DXGI_STATUS_NO_DESKTOP_ACCESS': macro redefinition
  c:\program files (x86)\windows kits\8.1\include\shared\winerror.h(50119): note: see previous definition of 'DXGI_STATUS_NO_DESKTOP_ACCESS'
c:\program files (x86)\microsoft directx sdk (june 2010)\include\dxgitype.h(16): warning C4005: 'DXGI_STATUS_GRAPHICS_VIDPN_SOURCE_IN_USE': macro redefinition
  c:\program files (x86)\windows kits\8.1\include\shared\winerror.h(50128): note: see previous definition of 'DXGI_STATUS_GRAPHICS_VIDPN_SOURCE_IN_USE'
c:\program files (x86)\microsoft directx sdk (june 2010)\include\dxgitype.h(17): warning C4005: 'DXGI_STATUS_MODE_CHANGED': macro redefinition
  c:\program files (x86)\windows kits\8.1\include\shared\winerror.h(50137): note: see previous definition of 'DXGI_STATUS_MODE_CHANGED'
c:\program files (x86)\microsoft directx sdk (june 2010)\include\dxgitype.h(18): warning C4005: 'DXGI_STATUS_MODE_CHANGE_IN_PROGRESS': macro redefinition
  c:\program files (x86)\windows kits\8.1\include\shared\winerror.h(50146): note: see previous definition of 'DXGI_STATUS_MODE_CHANGE_IN_PROGRESS'
c:\program files (x86)\microsoft directx sdk (june 2010)\include\dxgitype.h(21): warning C4005: 'DXGI_ERROR_INVALID_CALL': macro redefinition
  c:\program files (x86)\windows kits\8.1\include\shared\winerror.h(50161): note: see previous definition of 'DXGI_ERROR_INVALID_CALL'
c:\program files (x86)\microsoft directx sdk (june 2010)\include\dxgitype.h(22): warning C4005: 'DXGI_ERROR_NOT_FOUND': macro redefinition
  c:\program files (x86)\windows kits\8.1\include\shared\winerror.h(50170): note: see previous definition of 'DXGI_ERROR_NOT_FOUND'
c:\program files (x86)\microsoft directx sdk (june 2010)\include\dxgitype.h(23): warning C4005: 'DXGI_ERROR_MORE_DATA': macro redefinition
  c:\program files (x86)\windows kits\8.1\include\shared\winerror.h(50179): note: see previous definition of 'DXGI_ERROR_MORE_DATA'
c:\program files (x86)\microsoft directx sdk (june 2010)\include\dxgitype.h(24): warning C4005: 'DXGI_ERROR_UNSUPPORTED': macro redefinition
  c:\program files (x86)\windows kits\8.1\include\shared\winerror.h(50188): note: see previous definition of 'DXGI_ERROR_UNSUPPORTED'
c:\program files (x86)\microsoft directx sdk (june 2010)\include\dxgitype.h(25): warning C4005: 'DXGI_ERROR_DEVICE_REMOVED': macro redefinition
  c:\program files (x86)\windows kits\8.1\include\shared\winerror.h(50197): note: see previous definition of 'DXGI_ERROR_DEVICE_REMOVED'
c:\program files (x86)\microsoft directx sdk (june 2010)\include\dxgitype.h(26): warning C4005: 'DXGI_ERROR_DEVICE_HUNG': macro redefinition
  c:\program files (x86)\windows kits\8.1\include\shared\winerror.h(50206): note: see previous definition of 'DXGI_ERROR_DEVICE_HUNG'
c:\program files (x86)\microsoft directx sdk (june 2010)\include\dxgitype.h(27): warning C4005: 'DXGI_ERROR_DEVICE_RESET': macro redefinition
  c:\program files (x86)\windows kits\8.1\include\shared\winerror.h(50216): note: see previous definition of 'DXGI_ERROR_DEVICE_RESET'
c:\program files (x86)\microsoft directx sdk (june 2010)\include\dxgitype.h(28): warning C4005: 'DXGI_ERROR_WAS_STILL_DRAWING': macro redefinition
  c:\program files (x86)\windows kits\8.1\include\shared\winerror.h(50225): note: see previous definition of 'DXGI_ERROR_WAS_STILL_DRAWING'
c:\program files (x86)\microsoft directx sdk (june 2010)\include\dxgitype.h(29): warning C4005: 'DXGI_ERROR_FRAME_STATISTICS_DISJOINT': macro redefinition
  c:\program files (x86)\windows kits\8.1\include\shared\winerror.h(50235): note: see previous definition of 'DXGI_ERROR_FRAME_STATISTICS_DISJOINT'
c:\program files (x86)\microsoft directx sdk (june 2010)\include\dxgitype.h(30): warning C4005: 'DXGI_ERROR_GRAPHICS_VIDPN_SOURCE_IN_USE': macro redefinition
  c:\program files (x86)\windows kits\8.1\include\shared\winerror.h(50244): note: see previous definition of 'DXGI_ERROR_GRAPHICS_VIDPN_SOURCE_IN_USE'
c:\program files (x86)\microsoft directx sdk (june 2010)\include\dxgitype.h(31): warning C4005: 'DXGI_ERROR_DRIVER_INTERNAL_ERROR': macro redefinition
  c:\program files (x86)\windows kits\8.1\include\shared\winerror.h(50254): note: see previous definition of 'DXGI_ERROR_DRIVER_INTERNAL_ERROR'
c:\program files (x86)\microsoft directx sdk (june 2010)\include\dxgitype.h(32): warning C4005: 'DXGI_ERROR_NONEXCLUSIVE': macro redefinition
  c:\program files (x86)\windows kits\8.1\include\shared\winerror.h(50263): note: see previous definition of 'DXGI_ERROR_NONEXCLUSIVE'
c:\program files (x86)\microsoft directx sdk (june 2010)\include\dxgitype.h(33): warning C4005: 'DXGI_ERROR_NOT_CURRENTLY_AVAILABLE': macro redefinition
  c:\program files (x86)\windows kits\8.1\include\shared\winerror.h(50272): note: see previous definition of 'DXGI_ERROR_NOT_CURRENTLY_AVAILABLE'
c:\program files (x86)\microsoft directx sdk (june 2010)\include\dxgitype.h(34): warning C4005: 'DXGI_ERROR_REMOTE_CLIENT_DISCONNECTED': macro redefinition
  c:\program files (x86)\windows kits\8.1\include\shared\winerror.h(50282): note: see previous definition of 'DXGI_ERROR_REMOTE_CLIENT_DISCONNECTED'
c:\program files (x86)\microsoft directx sdk (june 2010)\include\dxgitype.h(35): warning C4005: 'DXGI_ERROR_REMOTE_OUTOFMEMORY': macro redefinition
  c:\program files (x86)\windows kits\8.1\include\shared\winerror.h(50291): note: see previous definition of 'DXGI_ERROR_REMOTE_OUTOFMEMORY'
c:\program files (x86)\microsoft directx sdk (june 2010)\include\d3d11.h(917): warning C4005: 'D3D11_ERROR_TOO_MANY_UNIQUE_STATE_OBJECTS': macro redefinition
  c:\program files (x86)\windows kits\8.1\include\shared\winerror.h(50469): note: see previous definition of 'D3D11_ERROR_TOO_MANY_UNIQUE_STATE_OBJECTS'
c:\program files (x86)\microsoft directx sdk (june 2010)\include\d3d11.h(918): warning C4005: 'D3D11_ERROR_FILE_NOT_FOUND': macro redefinition
  c:\program files (x86)\windows kits\8.1\include\shared\winerror.h(50478): note: see previous definition of 'D3D11_ERROR_FILE_NOT_FOUND'
c:\program files (x86)\microsoft directx sdk (june 2010)\include\d3d11.h(919): warning C4005: 'D3D11_ERROR_TOO_MANY_UNIQUE_VIEW_OBJECTS': macro redefinition
  c:\program files (x86)\windows kits\8.1\include\shared\winerror.h(50488): note: see previous definition of 'D3D11_ERROR_TOO_MANY_UNIQUE_VIEW_OBJECTS'
c:\program files (x86)\microsoft directx sdk (june 2010)\include\d3d11.h(920): warning C4005: 'D3D11_ERROR_DEFERRED_CONTEXT_MAP_WITHOUT_INITIAL_DISCARD': macro redefinition
  c:\program files (x86)\windows kits\8.1\include\shared\winerror.h(50497): note: see previous definition of 'D3D11_ERROR_DEFERRED_CONTEXT_MAP_WITHOUT_INITIAL_DISCARD'
c:\program files (x86)\microsoft directx sdk (june 2010)\include\d3d10.h(608): warning C4005: 'D3D10_ERROR_TOO_MANY_UNIQUE_STATE_OBJECTS': macro redefinition
  c:\program files (x86)\windows kits\8.1\include\shared\winerror.h(50445): note: see previous definition of 'D3D10_ERROR_TOO_MANY_UNIQUE_STATE_OBJECTS'
c:\program files (x86)\microsoft directx sdk (june 2010)\include\d3d10.h(609): warning C4005: 'D3D10_ERROR_FILE_NOT_FOUND': macro redefinition
  c:\program files (x86)\windows kits\8.1\include\shared\winerror.h(50454): note: see previous definition of 'D3D10_ERROR_FILE_NOT_FOUND'
c:\program files (x86)\microsoft directx sdk (june 2010)\include\xnamath.h(2662): warning C4838: conversion from 'unsigned int' to 'INT' requires a narrowing conversion
c:\program files (x86)\microsoft directx sdk (june 2010)\include\xnamath.h(2663): warning C4838: conversion from 'unsigned int' to 'INT' requires a narrowing conversion
c:\program files (x86)\microsoft directx sdk (june 2010)\include\xnamath.h(2664): warning C4838: conversion from 'unsigned int' to 'INT' requires a narrowing conversion
c:\program files (x86)\microsoft directx sdk (june 2010)\include\xnamath.h(2665): warning C4838: conversion from 'unsigned int' to 'INT' requires a narrowing conversion
c:\program files (x86)\microsoft directx sdk (june 2010)\include\xnamath.h(2666): warning C4838: conversion from 'unsigned int' to 'INT' requires a narrowing conversion
c:\program files (x86)\microsoft directx sdk (june 2010)\include\xnamath.h(2667): warning C4838: conversion from 'unsigned int' to 'INT' requires a narrowing conversion
c:\program files (x86)\microsoft directx sdk (june 2010)\include\xnamath.h(2668): warning C4838: conversion from 'unsigned int' to 'INT' requires a narrowing conversion
c:\program files (x86)\microsoft directx sdk (june 2010)\include\xnamath.h(2689): warning C4838: conversion from 'unsigned int' to 'INT' requires a narrowing conversion
c:\program files (x86)\microsoft directx sdk (june 2010)\include\xnamath.h(2690): warning C4838: conversion from 'unsigned int' to 'INT' requires a narrowing conversion
c:\program files (x86)\microsoft directx sdk (june 2010)\include\xnamath.h(2691): warning C4838: conversion from 'unsigned int' to 'INT' requires a narrowing conversion
c:\program files (x86)\microsoft directx sdk (june 2010)\include\xnamath.h(2694): warning C4838: conversion from 'unsigned int' to 'INT' requires a narrowing conversion
c:\program files (x86)\microsoft directx sdk (june 2010)\include\xnamath.h(2695): warning C4838: conversion from 'unsigned int' to 'INT' requires a narrowing conversion
c:\program files (x86)\microsoft directx sdk (june 2010)\include\xnamath.h(2698): warning C4838: conversion from 'unsigned int' to 'INT' requires a narrowing conversion
c:\program files (x86)\microsoft directx sdk (june 2010)\include\xnamath.h(2702): warning C4838: conversion from 'unsigned int' to 'INT' requires a narrowing conversion
c:\program files (x86)\microsoft directx sdk (june 2010)\include\xnamath.h(2712): warning C4838: conversion from 'unsigned int' to 'INT' requires a narrowing conversion
c:\program files (x86)\microsoft directx sdk (june 2010)\include\xnamath.h(2713): warning C4838: conversion from 'unsigned int' to 'INT' requires a narrowing conversion
c:\program files (x86)\microsoft directx sdk (june 2010)\include\xnamath.h(2715): warning C4838: conversion from 'unsigned int' to 'INT' requires a narrowing conversion
c:\program files (x86)\microsoft directx sdk (june 2010)\include\xnamath.h(2716): warning C4838: conversion from 'unsigned int' to 'INT' requires a narrowing conversion
c:\program files (x86)\microsoft directx sdk (june 2010)\include\xnamath.h(2717): warning C4838: conversion from 'unsigned int' to 'INT' requires a narrowing conversion
c:\program files (x86)\microsoft directx sdk (june 2010)\include\xnamath.h(2727): warning C4838: conversion from 'unsigned int' to 'INT' requires a narrowing conversion
c:\program files (x86)\microsoft directx sdk (june 2010)\include\xnamath.h(2728): warning C4838: conversion from 'unsigned int' to 'INT' requires a narrowing conversion
c:\program files (x86)\microsoft directx sdk (june 2010)\include\xnamath.h(2729): warning C4838: conversion from 'unsigned int' to 'INT' requires a narrowing conversion
c:\program files (x86)\microsoft directx sdk (june 2010)\include\xnamath.h(2730): warning C4838: conversion from 'unsigned int' to 'INT' requires a narrowing conversion
c:\program files (x86)\microsoft directx sdk (june 2010)\include\xnamath.h(2731): warning C4838: conversion from 'unsigned int' to 'INT' requires a narrowing conversion
c:\program files (x86)\microsoft directx sdk (june 2010)\include\xnamath.h(2732): warning C4838: conversion from 'unsigned int' to 'INT' requires a narrowing conversion
c:\program files (x86)\microsoft directx sdk (june 2010)\include\xnamath.h(2742): warning C4838: conversion from 'unsigned int' to 'INT' requires a narrowing conversion
c:\program files (x86)\microsoft directx sdk (june 2010)\include\xnamath.h(2743): warning C4838: conversion from 'unsigned int' to 'INT' requires a narrowing conversion
c:\program files (x86)\microsoft directx sdk (june 2010)\include\xnamath.h(2754): warning C4838: conversion from 'unsigned int' to 'INT' requires a narrowing conversion
c:\program files (x86)\microsoft directx sdk (june 2010)\include\xnamathconvert.inl(2254): warning C4838: conversion from 'unsigned int' to 'INT' requires a narrowing conversion
c:\program files (x86)\microsoft directx sdk (june 2010)\include\xnamathconvert.inl(4523): warning C4838: conversion from 'unsigned int' to 'INT' requires a narrowing conversion
c:\program files (x86)\microsoft directx sdk (june 2010)\include\xnamathconvert.inl(4577): warning C4838: conversion from 'unsigned int' to 'INT' requires a narrowing conversion
c:\program files (x86)\microsoft directx sdk (june 2010)\include\xnamathconvert.inl(4639): warning C4838: conversion from 'unsigned int' to 'INT' requires a narrowing conversion
c:\program files (x86)\microsoft directx sdk (june 2010)\include\xnamathconvert.inl(4707): warning C4838: conversion from 'unsigned int' to 'INT' requires a narrowing conversion
c:\program files (x86)\microsoft directx sdk (june 2010)\include\xnamathconvert.inl(4770): warning C4838: conversion from 'unsigned int' to 'INT' requires a narrowing conversion
c:\program files (x86)\microsoft directx sdk (june 2010)\include\xnamathconvert.inl(4832): warning C4838: conversion from 'unsigned int' to 'INT' requires a narrowing conversion
c:\program files (x86)\microsoft directx sdk (june 2010)\include\xnamathvector.inl(1269): warning C4838: conversion from 'unsigned int' to 'INT' requires a narrowing conversion
c:\program files (x86)\microsoft directx sdk (june 2010)\include\xnamathmisc.inl(518): warning C4838: conversion from 'unsigned int' to 'INT' requires a narrowing conversion
c:\program files (x86)\microsoft directx sdk (june 2010)\include\xnamathmisc.inl(519): warning C4838: conversion from 'unsigned int' to 'INT' requires a narrowing conversion
c:\users\cdev\desktop\forceout\groundwork.h(72): warning C4244: '=': conversion from 'double' to 'FLOAT', possible loss of data
c:\users\cdev\desktop\forceout\groundwork.h(73): warning C4244: '=': conversion from 'double' to 'FLOAT', possible loss of data
c:\users\cdev\desktop\forceout\groundwork.h(74): warning C4244: '=': conversion from 'double' to 'FLOAT', possible loss of data
c:\users\cdev\desktop\forceout\groundwork.h(92): warning C4018: '>=': signed/unsigned mismatch
c:\users\cdev\desktop\forceout\groundwork.h(249): warning C4018: '>=': signed/unsigned mismatch
c:\users\cdev\desktop\forceout\groundwork.h(276): warning C4018: '<': signed/unsigned mismatch
c:\users\cdev\desktop\forceout\groundwork.h(279): warning C4018: '<': signed/unsigned mismatch
c:\users\cdev\desktop\forceout\groundwork.h(288): warning C4244: '=': conversion from 'int' to 'FLOAT', possible loss of data
c:\users\cdev\desktop\forceout\groundwork.h(289): warning C4244: '=': conversion from 'int' to 'FLOAT', possible loss of data
c:\users\cdev\desktop\forceout\groundwork.h(290): warning C4244: '=': conversion from 'int' to 'FLOAT', possible loss of data
c:\users\cdev\desktop\forceout\groundwork.h(291): warning C4244: '=': conversion from 'int' to 'FLOAT', possible loss of data
c:\users\cdev\desktop\forceout\groundwork.h(370): warning C4244: '=': conversion from 'int' to 'WORD', possible loss of data
c:\users\cdev\desktop\forceout\groundwork.h(371): warning C4244: '=': conversion from 'int' to 'WORD', possible loss of data
c:\users\cdev\desktop\forceout\groundwork.h(403): warning C4552: '/': operator has no effect; expected operator with side-effect
c:\users\cdev\desktop\forceout\groundwork.h(441): warning C4100: 'ViewMatrix': unreferenced formal parameter
c:\users\cdev\desktop\forceout\groundwork.h(602): warning C4244: 'argument': conversion from 'int' to 'FLOAT', possible loss of data
c:\users\cdev\desktop\forceout\groundwork.h(604): warning C4244: 'argument': conversion from 'int' to 'FLOAT', possible loss of data
c:\users\cdev\desktop\forceout\groundwork.h(606): warning C4244: 'argument': conversion from 'int' to 'FLOAT', possible loss of data
c:\users\cdev\desktop\forceout\groundwork.h(608): warning C4244: 'argument': conversion from 'int' to 'FLOAT', possible loss of data
c:\users\cdev\desktop\forceout\groundwork.h(613): warning C4244: 'argument': conversion from 'int' to 'FLOAT', possible loss of data
c:\users\cdev\desktop\forceout\groundwork.h(618): warning C4244: 'argument': conversion from 'int' to 'FLOAT', possible loss of data
c:\users\cdev\desktop\forceout\groundwork.h(659): warning C4018: '>=': signed/unsigned mismatch
c:\users\cdev\desktop\forceout\groundwork.h(698): warning C4018: '<': signed/unsigned mismatch
c:\users\cdev\desktop\forceout\groundwork.h(739): warning C4018: '<': signed/unsigned mismatch
c:\users\cdev\desktop\forceout\groundwork.h(778): warning C4244: '=': conversion from 'double' to 'float', possible loss of data
c:\users\cdev\desktop\forceout\groundwork.h(780): warning C4244: 'argument': conversion from 'float' to 'int', possible loss of data
c:\users\cdev\desktop\forceout\groundwork.h(853): warning C4018: '<': signed/unsigned mismatch
c:\users\cdev\desktop\forceout\groundwork.h(858): warning C4239: nonstandard extension used: 'argument': conversion from '_XMMATRIX' to 'XMMATRIX &'
  c:\users\cdev\desktop\forceout\groundwork.h(858): note: A non-const reference may only be bound to an lvalue
c:\users\cdev\desktop\forceout\groundwork.h(785): warning C4100: 'projection': unreferenced formal parameter
c:\users\cdev\desktop\forceout\groundwork.h(785): warning C4100: 'view': unreferenced formal parameter
c:\users\cdev\desktop\forceout\groundwork.h(851): warning C4189: 'expVert': local variable is initialized but not referenced
c:\users\cdev\desktop\forceout\groundwork.h(852): warning C4189: 'oo': local variable is initialized but not referenced
c:\users\cdev\desktop\forceout\groundwork.h(850): warning C4189: 'originalVert': local variable is initialized but not referenced
c:\users\cdev\desktop\forceout\groundwork.h(1070): warning C4244: '-=': conversion from 'TIME' to 'FLOAT', possible loss of data
c:\users\cdev\desktop\forceout\groundwork.h(1071): warning C4244: '-=': conversion from 'TIME' to 'FLOAT', possible loss of data
c:\users\cdev\desktop\forceout\groundwork.h(1072): warning C4244: '-=': conversion from 'TIME' to 'FLOAT', possible loss of data
c:\users\cdev\desktop\forceout\groundwork.h(1079): warning C4244: '+=': conversion from 'TIME' to 'FLOAT', possible loss of data
c:\users\cdev\desktop\forceout\groundwork.h(1080): warning C4244: '+=': conversion from 'TIME' to 'FLOAT', possible loss of data
c:\users\cdev\desktop\forceout\groundwork.h(1081): warning C4244: '+=': conversion from 'TIME' to 'FLOAT', possible loss of data
c:\users\cdev\desktop\forceout\groundwork.h(1088): warning C4244: '+=': conversion from 'TIME' to 'FLOAT', possible loss of data
c:\users\cdev\desktop\forceout\groundwork.h(1089): warning C4244: '+=': conversion from 'TIME' to 'FLOAT', possible loss of data
c:\users\cdev\desktop\forceout\groundwork.h(1090): warning C4244: '+=': conversion from 'TIME' to 'FLOAT', possible loss of data
c:\users\cdev\desktop\forceout\groundwork.h(1097): warning C4244: '-=': conversion from 'TIME' to 'FLOAT', possible loss of data
c:\users\cdev\desktop\forceout\groundwork.h(1098): warning C4244: '-=': conversion from 'TIME' to 'FLOAT', possible loss of data
c:\users\cdev\desktop\forceout\groundwork.h(1099): warning C4244: '-=': conversion from 'TIME' to 'FLOAT', possible loss of data
c:\users\cdev\desktop\forceout\groundwork.h(1104): warning C4244: '-=': conversion from 'TIME' to 'FLOAT', possible loss of data
c:\users\cdev\desktop\forceout\groundwork.h(1105): warning C4244: '-=': conversion from 'TIME' to 'FLOAT', possible loss of data
c:\users\cdev\desktop\forceout\groundwork.h(1106): warning C4244: '-=': conversion from 'TIME' to 'FLOAT', possible loss of data
c:\users\cdev\desktop\forceout\groundwork.h(1113): warning C4244: '+=': conversion from 'TIME' to 'FLOAT', possible loss of data
c:\users\cdev\desktop\forceout\groundwork.h(1114): warning C4244: '+=': conversion from 'TIME' to 'FLOAT', possible loss of data
c:\users\cdev\desktop\forceout\groundwork.h(1115): warning C4244: '+=': conversion from 'TIME' to 'FLOAT', possible loss of data
c:\users\cdev\desktop\forceout\groundwork.h(1120): warning C4244: '+=': conversion from 'TIME' to 'FLOAT', possible loss of data
c:\users\cdev\desktop\forceout\groundwork.h(1121): warning C4244: '+=': conversion from 'TIME' to 'FLOAT', possible loss of data
c:\users\cdev\desktop\forceout\groundwork.h(1122): warning C4244: '+=': conversion from 'TIME' to 'FLOAT', possible loss of data
c:\users\cdev\desktop\forceout\groundwork.h(1129): warning C4244: '-=': conversion from 'TIME' to 'FLOAT', possible loss of data
c:\users\cdev\desktop\forceout\groundwork.h(1130): warning C4244: '-=': conversion from 'TIME' to 'FLOAT', possible loss of data
c:\users\cdev\desktop\forceout\groundwork.h(1131): warning C4244: '-=': conversion from 'TIME' to 'FLOAT', possible loss of data
c:\users\cdev\desktop\forceout\homework 4.cpp(881): warning C4316: '__m128': object allocated on the heap may not be aligned 16
c:\users\cdev\desktop\forceout\homework 4.cpp(909): warning C4018: '<': signed/unsigned mismatch
c:\users\cdev\desktop\forceout\homework 4.cpp(886): warning C4100: 'keyFlags': unreferenced formal parameter
c:\users\cdev\desktop\forceout\homework 4.cpp(886): warning C4100: 'y': unreferenced formal parameter
c:\users\cdev\desktop\forceout\homework 4.cpp(886): warning C4100: 'x': unreferenced formal parameter
c:\users\cdev\desktop\forceout\homework 4.cpp(886): warning C4100: 'fDoubleClick': unreferenced formal parameter
c:\users\cdev\desktop\forceout\homework 4.cpp(886): warning C4100: 'hwnd': unreferenced formal parameter
c:\users\cdev\desktop\forceout\homework 4.cpp(927): warning C4100: 'keyFlags': unreferenced formal parameter
c:\users\cdev\desktop\forceout\homework 4.cpp(927): warning C4100: 'y': unreferenced formal parameter
c:\users\cdev\desktop\forceout\homework 4.cpp(927): warning C4100: 'x': unreferenced formal parameter
c:\users\cdev\desktop\forceout\homework 4.cpp(927): warning C4100: 'fDoubleClick': unreferenced formal parameter
c:\users\cdev\desktop\forceout\homework 4.cpp(927): warning C4100: 'hwnd': unreferenced formal parameter
c:\users\cdev\desktop\forceout\homework 4.cpp(934): warning C4100: 'cRepeat': unreferenced formal parameter
c:\users\cdev\desktop\forceout\homework 4.cpp(934): warning C4100: 'ch': unreferenced formal parameter
c:\users\cdev\desktop\forceout\homework 4.cpp(934): warning C4100: 'hwnd': unreferenced formal parameter
c:\users\cdev\desktop\forceout\homework 4.cpp(941): warning C4100: 'keyFlags': unreferenced formal parameter
c:\users\cdev\desktop\forceout\homework 4.cpp(941): warning C4100: 'y': unreferenced formal parameter
c:\users\cdev\desktop\forceout\homework 4.cpp(941): warning C4100: 'x': unreferenced formal parameter
c:\users\cdev\desktop\forceout\homework 4.cpp(941): warning C4100: 'hwnd': unreferenced formal parameter
c:\users\cdev\desktop\forceout\homework 4.cpp(950): warning C4100: 'keyFlags': unreferenced formal parameter
c:\users\cdev\desktop\forceout\homework 4.cpp(950): warning C4100: 'y': unreferenced formal parameter
c:\users\cdev\desktop\forceout\homework 4.cpp(950): warning C4100: 'x': unreferenced formal parameter
c:\users\cdev\desktop\forceout\homework 4.cpp(950): warning C4100: 'hwnd': unreferenced formal parameter
c:\users\cdev\desktop\forceout\homework 4.cpp(960): warning C4100: 'y': unreferenced formal parameter
c:\users\cdev\desktop\forceout\homework 4.cpp(1029): warning C4100: 'lpCreateStruct': unreferenced formal parameter
c:\users\cdev\desktop\forceout\homework 4.cpp(1039): warning C4100: 'id': unreferenced formal parameter
c:\users\cdev\desktop\forceout\homework 4.cpp(1039): warning C4100: 'hwnd': unreferenced formal parameter
c:\users\cdev\desktop\forceout\homework 4.cpp(1045): warning C4100: 'flags': unreferenced formal parameter
c:\users\cdev\desktop\forceout\homework 4.cpp(1045): warning C4100: 'cRepeat': unreferenced formal parameter
c:\users\cdev\desktop\forceout\homework 4.cpp(1045): warning C4100: 'fDown': unreferenced formal parameter
c:\users\cdev\desktop\forceout\homework 4.cpp(1045): warning C4100: 'hwnd': unreferenced formal parameter
c:\users\cdev\desktop\forceout\homework 4.cpp(1072): warning C4100: 'flags': unreferenced formal parameter
c:\users\cdev\desktop\forceout\homework 4.cpp(1072): warning C4100: 'cRepeat': unreferenced formal parameter
c:\users\cdev\desktop\forceout\homework 4.cpp(1072): warning C4100: 'fDown': unreferenced formal parameter
c:\users\cdev\desktop\forceout\homework 4.cpp(1072): warning C4100: 'hwnd': unreferenced formal parameter
c:\users\cdev\desktop\forceout\homework 4.cpp(1074): warning C4189: 'x': local variable is initialized but not referenced
c:\users\cdev\desktop\forceout\homework 4.cpp(1241): warning C4244: '-=': conversion from 'TIME' to 'FLOAT', possible loss of data
c:\users\cdev\desktop\forceout\homework 4.cpp(1243): warning C4244: '+=': conversion from 'TIME' to 'FLOAT', possible loss of data
c:\users\cdev\desktop\forceout\homework 4.cpp(1251): warning C4244: '-=': conversion from 'TIME' to 'FLOAT', possible loss of data
c:\users\cdev\desktop\forceout\homework 4.cpp(1253): warning C4244: '+=': conversion from 'TIME' to 'FLOAT', possible loss of data
c:\users\cdev\desktop\forceout\homework 4.cpp(1261): warning C4244: '-=': conversion from 'TIME' to 'FLOAT', possible loss of data
c:\users\cdev\desktop\forceout\homework 4.cpp(1263): warning C4244: '+=': conversion from 'TIME' to 'FLOAT', possible loss of data
c:\users\cdev\desktop\forceout\homework 4.cpp(1271): warning C4244: '-=': conversion from 'TIME' to 'FLOAT', possible loss of data
c:\users\cdev\desktop\forceout\homework 4.cpp(1273): warning C4244: '+=': conversion from 'TIME' to 'FLOAT', possible loss of data
c:\users\cdev\desktop\forceout\homework 4.cpp(1276): warning C4244: '+=': conversion from 'TIME' to 'float', possible loss of data
c:\users\cdev\desktop\forceout\homework 4.cpp(1277): warning C4244: '=': conversion from 'double' to 'FLOAT', possible loss of data
c:\users\cdev\desktop\forceout\homework 4.cpp(1278): warning C4244: '=': conversion from 'double' to 'FLOAT', possible loss of data
c:\users\cdev\desktop\forceout\homework 4.cpp(1335): warning C4244: 'initializing': conversion from 'double' to 'float', possible loss of data
c:\users\cdev\desktop\forceout\homework 4.cpp(1341): warning C4244: 'initializing': conversion from 'double' to 'float', possible loss of data
c:\users\cdev\desktop\forceout\homework 4.cpp(1451): warning C4244: 'argument': conversion from 'TIME' to 'long', possible loss of data
c:\users\cdev\desktop\forceout\homework 4.cpp(1381): warning C4189: 'height': local variable is initialized but not referenced
c:\users\cdev\desktop\forceout\homework 4.cpp(1380): warning C4189: 'width': local variable is initialized but not referenced
c:\users\cdev\desktop\forceout\homework 4.cpp(1315): warning C4189: 'lx': local variable is initialized but not referenced
c:\users\cdev\desktop\forceout\homework 4.cpp(1316): warning C4189: 'ly': local variable is initialized but not referenced
c:\users\cdev\desktop\forceout\homework 4.cpp(1498): warning C4244: '=': conversion from 'long double' to 'float', possible loss of data
c:\users\cdev\desktop\forceout\homework 4.cpp(1500): warning C4244: '=': conversion from 'long double' to 'float', possible loss of data
c:\users\cdev\desktop\forceout\homework 4.cpp(1506): warning C4244: '=': conversion from 'long double' to 'float', possible loss of data
c:\users\cdev\desktop\forceout\homework 4.cpp(1508): warning C4244: '=': conversion from 'long double' to 'float', possible loss of data
c:\users\cdev\desktop\forceout\homework 4.cpp(1570): warning C4018: '<': signed/unsigned mismatch
c:\users\cdev\desktop\forceout\homework 4.cpp(1694): warning C4244: 'argument': conversion from 'double' to 'FLOAT', possible loss of data
c:\users\cdev\desktop\forceout\homework 4.cpp(1763): warning C4244: 'argument': conversion from 'TIME' to 'long', possible loss of data
  lecture 8_2010.vcxproj -> C:\Users\CDEV\Desktop\ForceOut\Debug\homework 4.exe
  lecture 8_2010.vcxproj -> C:\Users\CDEV\Desktop\ForceOut\Debug\homework 4.pdb (Full PDB)
